Assuming unrestricted shared filesystem usage.
host: DESKTOP-N9V5141
Building DAG of jobs...
Provided cores: 1 (use --cores to define parallelism)
Rules claiming more threads will be scaled down.
Job stats:
job                count
---------------  -------
all                    1
classify_audio         1
generate_report        1
healthcheck            1
upload_audio           1
total                  5

Select jobs to execute...
Execute 1 jobs...
[Mon Feb  9 19:46:52 2026]
localrule healthcheck:
    output: out/.pipeline/healthcheck.ok
    jobid: 1
    reason: Missing output files: out/.pipeline/healthcheck.ok; Code has changed since last execution
    resources: tmpdir=C:\Users\Jan\AppData\Local\Temp
[Mon Feb  9 19:46:53 2026]
Finished jobid: 1 (Rule: healthcheck)
1 of 5 steps (20%) done
Select jobs to execute...
Execute 1 jobs...
[Mon Feb  9 19:46:53 2026]
localrule upload_audio:
    input: out/.pipeline/healthcheck.ok
    output: out/.pipeline/audio_uploaded.ok
    jobid: 2
    reason: Missing output files: out/.pipeline/audio_uploaded.ok; Input files updated by another job: out/.pipeline/healthcheck.ok
    resources: tmpdir=C:\Users\Jan\AppData\Local\Temp
[Mon Feb  9 19:46:54 2026]
Finished jobid: 2 (Rule: upload_audio)
2 of 5 steps (40%) done
Select jobs to execute...
Execute 1 jobs...
[Mon Feb  9 19:46:54 2026]
localrule classify_audio:
    input: out/.pipeline/audio_uploaded.ok
    output: out/.pipeline/audio_classified.ok
    jobid: 3
    reason: Missing output files: out/.pipeline/audio_classified.ok; Input files updated by another job: out/.pipeline/audio_uploaded.ok
    resources: tmpdir=C:\Users\Jan\AppData\Local\Temp
[Mon Feb  9 19:46:55 2026]
Finished jobid: 3 (Rule: classify_audio)
3 of 5 steps (60%) done
Select jobs to execute...
Execute 1 jobs...
[Mon Feb  9 19:46:55 2026]
localrule generate_report:
    input: out/.pipeline/audio_classified.ok
    output: out/latest_report.csv
    jobid: 4
    reason: Missing output files: out/latest_report.csv; Input files updated by another job: out/.pipeline/audio_classified.ok
    resources: tmpdir=C:\Users\Jan\AppData\Local\Temp
[Mon Feb  9 19:46:58 2026]
Finished jobid: 4 (Rule: generate_report)
4 of 5 steps (80%) done
Select jobs to execute...
Execute 1 jobs...
[Mon Feb  9 19:46:58 2026]
localrule all:
    input: out/.pipeline/healthcheck.ok, out/.pipeline/audio_uploaded.ok, out/.pipeline/audio_classified.ok, out/latest_report.csv
    jobid: 0
    reason: Input files updated by another job: out/latest_report.csv, out/.pipeline/audio_classified.ok, out/.pipeline/healthcheck.ok, out/.pipeline/audio_uploaded.ok
    resources: tmpdir=C:\Users\Jan\AppData\Local\Temp
[Mon Feb  9 19:46:58 2026]
Finished jobid: 0 (Rule: all)
5 of 5 steps (100%) done
Complete log(s): C:\Users\Jan\birdpipe-observation-pipeline\.snakemake\log\2026-02-09T194652.375522.snakemake.log
